#
# A fatal error has been detected by the Java Runtime Environment:
#
#  EXCEPTION_ACCESS_VIOLATION (0xc0000005) at pc=0x0000000065205b54, pid=4208, tid=2328
#
# JRE version: Java(TM) SE Runtime Environment (8.0_51-b16) (build 1.8.0_51-b16)
# Java VM: Java HotSpot(TM) 64-Bit Server VM (25.51-b03 mixed mode windows-amd64 compressed oops)
# Problematic frame:
# V  [jvm.dll+0x525b54]
#
# Failed to write core dump. Minidumps are not enabled by default on client versions of Windows
#
# If you would like to submit a bug report, please visit:
#   http://bugreport.java.com/bugreport/crash.jsp
#

---------------  T H R E A D  ---------------

Current thread (0x0000000054cb5000):  JavaThread "C2 CompilerThread0" daemon [_thread_in_native, id=2328, stack(0x0000000055ef0000,0x0000000055ff0000)]

siginfo: ExceptionCode=0xc0000005, reading address 0x0000000000000010

Registers:
RAX=0x0000000000000000, RBX=0x0000000000000000, RCX=0x0000000000000000, RDX=0x0000000000000000
RSP=0x0000000055febdb0, RBP=0x0000000000000000, RSI=0x0000000000000000, RDI=0x0000000000000000
R8 =0x0000000000000000, R9 =0x0000000055febe80, R10=0x0000000000000000, R11=0x0000000054ce1e50
R12=0x0000000056dad3c0, R13=0x0000000055fec1d0, R14=0x0000000000000004, R15=0x000000000000012e
RIP=0x0000000065205b54, EFLAGS=0x0000000000010246

Top of Stack: (sp=0x0000000055febdb0)
0x0000000055febdb0:   000000000205f960 0000000064dab787
0x0000000055febdc0:   0000000055febe80 000000006517932d
0x0000000055febdd0:   0000000055fec2e0 0000000065127e14
0x0000000055febde0:   0000000000000000 0000000000000000
0x0000000055febdf0:   0000000000000000 00000000651e0866
0x0000000055febe00:   0000000056dad360 000000006513d7d6
0x0000000055febe10:   0000000000000000 000000000000036c
0x0000000055febe20:   0000000000000000 000000006517298a
0x0000000055febe30:   0000000054ce2238 0000000000000000
0x0000000055febe40:   00000000000003d8 0000000054ce1e60
0x0000000055febe50:   0000000055febf60 000000006513f469
0x0000000055febe60:   0000000000000970 0000000055fec2e0
0x0000000055febe70:   0000000054ce1e50 0000000055fec1d0
0x0000000055febe80:   0000000000000002 0000000054ce1e50
0x0000000055febe90:   0000000054ce1e50 0000000054ce1e60
0x0000000055febea0:   0000000054ce2238 00000000000003d8 

Instructions: (pc=0x0000000065205b54)
0x0000000065205b34:   c8 48 83 c4 20 5b e9 71 d2 ff ff cc 48 89 5c 24
0x0000000065205b44:   10 48 89 74 24 18 57 48 83 ec 20 33 f6 48 8b f9
0x0000000065205b54:   8b 49 10 83 f9 06 8b c6 48 8b da 48 0f 44 c7 48
0x0000000065205b64:   85 c0 0f 84 a6 00 00 00 8b 52 10 8b c6 83 fa 06 


Register to memory mapping:

RAX=0x0000000000000000 is an unknown value
RBX=0x0000000000000000 is an unknown value
RCX=0x0000000000000000 is an unknown value
RDX=0x0000000000000000 is an unknown value
RSP=0x0000000055febdb0 is pointing into the stack for thread: 0x0000000054cb5000
RBP=0x0000000000000000 is an unknown value
RSI=0x0000000000000000 is an unknown value
RDI=0x0000000000000000 is an unknown value
R8 =0x0000000000000000 is an unknown value
R9 =0x0000000055febe80 is pointing into the stack for thread: 0x0000000054cb5000
R10=0x0000000000000000 is an unknown value
R11=0x0000000054ce1e50 is an unknown value
R12=0x0000000056dad3c0 is an unknown value
R13=0x0000000055fec1d0 is pointing into the stack for thread: 0x0000000054cb5000
R14=0x0000000000000004 is an unknown value
R15=0x000000000000012e is an unknown value


Stack: [0x0000000055ef0000,0x0000000055ff0000],  sp=0x0000000055febdb0,  free space=1007k
Native frames: (J=compiled Java code, j=interpreted, Vv=VM code, C=native code)


Current CompileTask:
C2:  46994 3046       4       java.util.TreeMap$Entry::hashCode (42 bytes)


---------------  P R O C E S S  ---------------

Java Threads: ( => current thread )
  0x000000005670b000 JavaThread "pool-1-thread-1" [_thread_in_Java, id=3100, stack(0x0000000056fa0000,0x00000000570a0000)]
  0x0000000056171800 JavaThread "Service Thread" daemon [_thread_blocked, id=4932, stack(0x0000000056590000,0x0000000056690000)]
  0x0000000054cbc000 JavaThread "C1 CompilerThread1" daemon [_thread_blocked, id=4136, stack(0x0000000056050000,0x0000000056150000)]
=>0x0000000054cb5000 JavaThread "C2 CompilerThread0" daemon [_thread_in_native, id=2328, stack(0x0000000055ef0000,0x0000000055ff0000)]
  0x0000000054cc6000 JavaThread "Attach Listener" daemon [_thread_blocked, id=3384, stack(0x00000000557b0000,0x00000000558b0000)]
  0x0000000054cc4800 JavaThread "Signal Dispatcher" daemon [_thread_blocked, id=3364, stack(0x0000000055ce0000,0x0000000055de0000)]
  0x0000000054c5f800 JavaThread "Finalizer" daemon [_thread_blocked, id=4716, stack(0x0000000055b70000,0x0000000055c70000)]
  0x0000000054c56800 JavaThread "Reference Handler" daemon [_thread_blocked, id=5060, stack(0x00000000558c0000,0x00000000559c0000)]
  0x000000000219e000 JavaThread "main" [_thread_blocked, id=2564, stack(0x00000000023f0000,0x00000000024f0000)]

Other Threads:
  0x0000000054c4d000 VMThread [stack: 0x00000000556b0000,0x00000000557b0000] [id=4648]
  0x0000000056174800 WatcherThread [stack: 0x00000000559f0000,0x0000000055af0000] [id=1892]

VM state:not at safepoint (normal execution)

VM Mutex/Monitor currently owned by a thread: None

Heap:
 PSYoungGen      total 232960K, used 118986K [0x00000000eab00000, 0x0000000100000000, 0x0000000100000000)
  eden space 116736K, 85% used [0x00000000eab00000,0x00000000f0ce2830,0x00000000f1d00000)
  from space 116224K, 16% used [0x00000000f1d00000,0x00000000f2f50000,0x00000000f8e80000)
  to   space 116224K, 0% used [0x00000000f8e80000,0x00000000f8e80000,0x0000000100000000)
 ParOldGen       total 699392K, used 656141K [0x00000000c0000000, 0x00000000eab00000, 0x00000000eab00000)
  object space 699392K, 93% used [0x00000000c0000000,0x00000000e80c34a8,0x00000000eab00000)
 Metaspace       used 6690K, capacity 7384K, committed 7680K, reserved 1056768K
  class space    used 625K, capacity 656K, committed 768K, reserved 1048576K

Card table byte_map: [0x0000000011b80000,0x0000000011d90000] byte_map_base: 0x0000000011580000

Marking Bits: (ParMarkBitMap*) 0x00000000654e4040
 Begin Bits: [0x0000000012120000, 0x0000000013120000)
 End Bits:   [0x0000000013120000, 0x0000000014120000)

Polling page: 0x0000000000330000

CodeCache: size=245760Kb used=12824Kb max_used=12824Kb free=232935Kb
 bounds [0x00000000027c0000, 0x0000000003490000, 0x00000000117c0000]
 total_blobs=2844 nmethods=2576 adapters=182
 compilation: enabled

Compilation events (10 events):
Event: 46.858 Thread 0x0000000054cbc000 nmethod 3063% 0x00000000029ad550 code [0x00000000029ad980, 0x00000000029b03b8]
Event: 46.865 Thread 0x0000000054cbc000 3064       3       com.android.dx.dex.file.ClassDataItem::addContents (207 bytes)
Event: 46.867 Thread 0x0000000054cbc000 nmethod 3064 0x00000000029a9650 code [0x00000000029a9a80, 0x00000000029ac318]
Event: 46.867 Thread 0x0000000054cbc000 3065       2       java.util.ComparableTimSort::gallopRight (327 bytes)
Event: 46.868 Thread 0x0000000054cbc000 nmethod 3065 0x0000000002b0c250 code [0x0000000002b0c400, 0x0000000002b0c9d8]
Event: 46.868 Thread 0x0000000054cbc000 3066       2       java.util.ComparableTimSort::gallopLeft (327 bytes)
Event: 46.868 Thread 0x0000000054cbc000 nmethod 3066 0x0000000002b0b690 code [0x0000000002b0b840, 0x0000000002b0bdd8]
Event: 46.869 Thread 0x0000000054cbc000 3068       2       java.util.ComparableTimSort::mergeCollapse (101 bytes)
Event: 46.869 Thread 0x0000000054cbc000 nmethod 3068 0x00000000031c6790 code [0x00000000031c6920, 0x00000000031c6bf8]
Event: 46.896 Thread 0x0000000054cbc000 3069       2       java.util.ComparableTimSort::mergeHi (729 bytes)

GC Heap History (10 events):
Event: 44.413 GC heap before
{Heap before GC invocations=39 (full 6):
 PSYoungGen      total 232960K, used 136534K [0x00000000eab00000, 0x0000000100000000, 0x0000000100000000)
  eden space 116736K, 100% used [0x00000000eab00000,0x00000000f1d00000,0x00000000f1d00000)
  from space 116224K, 17% used [0x00000000f8e80000,0x00000000fa1d59f8,0x0000000100000000)
  to   space 116224K, 0% used [0x00000000f1d00000,0x00000000f1d00000,0x00000000f8e80000)
 ParOldGen       total 699392K, used 565245K [0x00000000c0000000, 0x00000000eab00000, 0x00000000eab00000)
  object space 699392K, 80% used [0x00000000c0000000,0x00000000e27ff568,0x00000000eab00000)
 Metaspace       used 6603K, capacity 7320K, committed 7680K, reserved 1056768K
  class space    used 620K, capacity 656K, committed 768K, reserved 1048576K
Event: 44.557 GC heap after
Heap after GC invocations=39 (full 6):
 PSYoungGen      total 232960K, used 17187K [0x00000000eab00000, 0x0000000100000000, 0x0000000100000000)
  eden space 116736K, 0% used [0x00000000eab00000,0x00000000eab00000,0x00000000f1d00000)
  from space 116224K, 14% used [0x00000000f1d00000,0x00000000f2dc8fd8,0x00000000f8e80000)
  to   space 116224K, 0% used [0x00000000f8e80000,0x00000000f8e80000,0x0000000100000000)
 ParOldGen       total 699392K, used 584244K [0x00000000c0000000, 0x00000000eab00000, 0x00000000eab00000)
  object space 699392K, 83% used [0x00000000c0000000,0x00000000e3a8d3f8,0x00000000eab00000)
 Metaspace       used 6603K, capacity 7320K, committed 7680K, reserved 1056768K
  class space    used 620K, capacity 656K, committed 768K, reserved 1048576K
}
Event: 44.956 GC heap before
{Heap before GC invocations=40 (full 6):
 PSYoungGen      total 232960K, used 133923K [0x00000000eab00000, 0x0000000100000000, 0x0000000100000000)
  eden space 116736K, 100% used [0x00000000eab00000,0x00000000f1d00000,0x00000000f1d00000)
  from space 116224K, 14% used [0x00000000f1d00000,0x00000000f2dc8fd8,0x00000000f8e80000)
  to   space 116224K, 0% used [0x00000000f8e80000,0x00000000f8e80000,0x0000000100000000)
 ParOldGen       total 699392K, used 584244K [0x00000000c0000000, 0x00000000eab00000, 0x00000000eab00000)
  object space 699392K, 83% used [0x00000000c0000000,0x00000000e3a8d3f8,0x00000000eab00000)
 Metaspace       used 6604K, capacity 7320K, committed 7680K, reserved 1056768K
  class space    used 620K, capacity 656K, committed 768K, reserved 1048576K
Event: 45.052 GC heap after
Heap after GC invocations=40 (full 6):
 PSYoungGen      total 232960K, used 21897K [0x00000000eab00000, 0x0000000100000000, 0x0000000100000000)
  eden space 116736K, 0% used [0x00000000eab00000,0x00000000eab00000,0x00000000f1d00000)
  from space 116224K, 18% used [0x00000000f8e80000,0x00000000fa3e2490,0x0000000100000000)
  to   space 116224K, 0% used [0x00000000f1d00000,0x00000000f1d00000,0x00000000f8e80000)
 ParOldGen       total 699392K, used 599690K [0x00000000c0000000, 0x00000000eab00000, 0x00000000eab00000)
  object space 699392K, 85% used [0x00000000c0000000,0x00000000e49a28a0,0x00000000eab00000)
 Metaspace       used 6604K, capacity 7320K, committed 7680K, reserved 1056768K
  class space    used 620K, capacity 656K, committed 768K, reserved 1048576K
}
Event: 45.315 GC heap before
{Heap before GC invocations=41 (full 6):
 PSYoungGen      total 232960K, used 138633K [0x00000000eab00000, 0x0000000100000000, 0x0000000100000000)
  eden space 116736K, 100% used [0x00000000eab00000,0x00000000f1d00000,0x00000000f1d00000)
  from space 116224K, 18% used [0x00000000f8e80000,0x00000000fa3e2490,0x0000000100000000)
  to   space 116224K, 0% used [0x00000000f1d00000,0x00000000f1d00000,0x00000000f8e80000)
 ParOldGen       total 699392K, used 599690K [0x00000000c0000000, 0x00000000eab00000, 0x00000000eab00000)
  object space 699392K, 85% used [0x00000000c0000000,0x00000000e49a28a0,0x00000000eab00000)
 Metaspace       used 6604K, capacity 7320K, committed 7680K, reserved 1056768K
  class space    used 620K, capacity 656K, committed 768K, reserved 1048576K
Event: 45.411 GC heap after
Heap after GC invocations=41 (full 6):
 PSYoungGen      total 232960K, used 17738K [0x00000000eab00000, 0x0000000100000000, 0x0000000100000000)
  eden space 116736K, 0% used [0x00000000eab00000,0x00000000eab00000,0x00000000f1d00000)
  from space 116224K, 15% used [0x00000000f1d00000,0x00000000f2e528a8,0x00000000f8e80000)
  to   space 116224K, 0% used [0x00000000f8e80000,0x00000000f8e80000,0x0000000100000000)
 ParOldGen       total 699392K, used 621026K [0x00000000c0000000, 0x00000000eab00000, 0x00000000eab00000)
  object space 699392K, 88% used [0x00000000c0000000,0x00000000e5e78ba8,0x00000000eab00000)
 Metaspace       used 6604K, capacity 7320K, committed 7680K, reserved 1056768K
  class space    used 620K, capacity 656K, committed 768K, reserved 1048576K
}
Event: 45.649 GC heap before
{Heap before GC invocations=42 (full 6):
 PSYoungGen      total 232960K, used 134474K [0x00000000eab00000, 0x0000000100000000, 0x0000000100000000)
  eden space 116736K, 100% used [0x00000000eab00000,0x00000000f1d00000,0x00000000f1d00000)
  from space 116224K, 15% used [0x00000000f1d00000,0x00000000f2e528a8,0x00000000f8e80000)
  to   space 116224K, 0% used [0x00000000f8e80000,0x00000000f8e80000,0x0000000100000000)
 ParOldGen       total 699392K, used 621026K [0x00000000c0000000, 0x00000000eab00000, 0x00000000eab00000)
  object space 699392K, 88% used [0x00000000c0000000,0x00000000e5e78ba8,0x00000000eab00000)
 Metaspace       used 6604K, capacity 7320K, committed 7680K, reserved 1056768K
  class space    used 620K, capacity 656K, committed 768K, reserved 1048576K
Event: 45.749 GC heap after
Heap after GC invocations=42 (full 6):
 PSYoungGen      total 232960K, used 18912K [0x00000000eab00000, 0x0000000100000000, 0x0000000100000000)
  eden space 116736K, 0% used [0x00000000eab00000,0x00000000eab00000,0x00000000f1d00000)
  from space 116224K, 16% used [0x00000000f8e80000,0x00000000fa0f8010,0x0000000100000000)
  to   space 116224K, 0% used [0x00000000f1d00000,0x00000000f1d00000,0x00000000f8e80000)
 ParOldGen       total 699392K, used 637884K [0x00000000c0000000, 0x00000000eab00000, 0x00000000eab00000)
  object space 699392K, 91% used [0x00000000c0000000,0x00000000e6eef350,0x00000000eab00000)
 Metaspace       used 6604K, capacity 7320K, committed 7680K, reserved 1056768K
  class space    used 620K, capacity 656K, committed 768K, reserved 1048576K
}
Event: 46.242 GC heap before
{Heap before GC invocations=43 (full 6):
 PSYoungGen      total 232960K, used 135648K [0x00000000eab00000, 0x0000000100000000, 0x0000000100000000)
  eden space 116736K, 100% used [0x00000000eab00000,0x00000000f1d00000,0x00000000f1d00000)
  from space 116224K, 16% used [0x00000000f8e80000,0x00000000fa0f8010,0x0000000100000000)
  to   space 116224K, 0% used [0x00000000f1d00000,0x00000000f1d00000,0x00000000f8e80000)
 ParOldGen       total 699392K, used 637884K [0x00000000c0000000, 0x00000000eab00000, 0x00000000eab00000)
  object space 699392K, 91% used [0x00000000c0000000,0x00000000e6eef350,0x00000000eab00000)
 Metaspace       used 6604K, capacity 7320K, committed 7680K, reserved 1056768K
  class space    used 620K, capacity 656K, committed 768K, reserved 1048576K
Event: 46.370 GC heap after
Heap after GC invocations=43 (full 6):
 PSYoungGen      total 232960K, used 18752K [0x00000000eab00000, 0x0000000100000000, 0x0000000100000000)
  eden space 116736K, 0% used [0x00000000eab00000,0x00000000eab00000,0x00000000f1d00000)
  from space 116224K, 16% used [0x00000000f1d00000,0x00000000f2f50000,0x00000000f8e80000)
  to   space 116224K, 0% used [0x00000000f8e80000,0x00000000f8e80000,0x0000000100000000)
 ParOldGen       total 699392K, used 656141K [0x00000000c0000000, 0x00000000eab00000, 0x00000000eab00000)
  object space 699392K, 93% used [0x00000000c0000000,0x00000000e80c34a8,0x00000000eab00000)
 Metaspace       used 6604K, capacity 7320K, committed 7680K, reserved 1056768K
  class space    used 620K, capacity 656K, committed 768K, reserved 1048576K
}

Deoptimization events (10 events):
Event: 46.491 Thread 0x0000000056470800 Uncommon trap: reason=bimorphic action=maybe_recompile pc=0x00000000034786dc method=com.android.dx.cf.code.BytecodeArray.parseInstruction(ILcom/android/dx/cf/code/BytecodeArray$Visitor;)I @ 1525
Event: 46.630 Thread 0x00000000566e6000 Uncommon trap: reason=unstable_if action=reinterpret pc=0x000000000291d5b8 method=com.android.dx.ssa.SCCP.simulateStmt(Lcom/android/dx/ssa/SsaInsn;)V @ 435
Event: 46.656 Thread 0x000000000219e000 Uncommon trap: reason=unstable_if action=reinterpret pc=0x00000000029c5f70 method=java.util.concurrent.locks.ReentrantLock$Sync.tryRelease(I)Z @ 28
Event: 46.657 Thread 0x00000000566e6000 Uncommon trap: reason=unstable_if action=reinterpret pc=0x0000000002df3064 method=java.util.concurrent.locks.AbstractQueuedSynchronizer.unparkSuccessor(Ljava/util/concurrent/locks/AbstractQueuedSynchronizer$Node;)V @ 6
Event: 46.657 Thread 0x0000000056470800 Uncommon trap: reason=unstable_if action=reinterpret pc=0x0000000002a343d8 method=java.util.concurrent.locks.AbstractQueuedSynchronizer.shouldParkAfterFailedAcquire(Ljava/util/concurrent/locks/AbstractQueuedSynchronizer$Node;Ljava/util/concurrent/locks/AbsÊp-‚`G@
Event: 46.750 Thread 0x000000005670b000 Uncommon trap: reason=class_check action=maybe_recompile pc=0x0000000002de95f4 method=java.util.Arrays.hashCode([Ljava/lang/Object;)I @ 43
Event: 46.750 Thread 0x000000005670b000 Uncommon trap: reason=class_check action=maybe_recompile pc=0x0000000002de95f4 method=java.util.Arrays.hashCode([Ljava/lang/Object;)I @ 43
Event: 46.750 Thread 0x000000005670b000 Uncommon trap: reason=class_check action=maybe_recompile pc=0x0000000002de95f4 method=java.util.Arrays.hashCode([Ljava/lang/Object;)I @ 43
Event: 46.750 Thread 0x000000005670b000 Uncommon trap: reason=class_check action=maybe_recompile pc=0x0000000002de95f4 method=java.util.Arrays.hashCode([Ljava/lang/Object;)I @ 43
Event: 46.750 Thread 0x000000005670b000 Uncommon trap: reason=class_check action=maybe_recompile pc=0x0000000002d439e4 method=java.util.Arrays.hashCode([Ljava/lang/Object;)I @ 43

Internal exceptions (10 events):
Event: 0.032 Thread 0x000000000219e000 Exception <a 'java/lang/NoSuchMethodError': Method sun.misc.Unsafe.prefetchRead(Ljava/lang/Object;J)V name or signature does not match> (0x00000000eab0d3a0) thrown at [C:\re\workspace\8-2-build-windows-amd64-cygwin\jdk8u51\3951\hotspot\src\share\vm\prims\j-$Fø˜Íó?
Event: 1.238 Thread 0x00000000566e6800 Implicit null exception at 0x0000000002c8bf92 to 0x0000000002c8c031
Event: 2.841 Thread 0x0000000056470800 Exception <a 'java/lang/ArrayIndexOutOfBoundsException': 18> (0x00000000ec990dc0) thrown at [C:\re\workspace\8-2-build-windows-amd64-cygwin\jdk8u51\3951\hotspot\src\share\vm\interpreter\interpreterRuntime.cpp, line 366]
Event: 2.841 Thread 0x0000000056470800 Exception <a 'java/lang/ArrayIndexOutOfBoundsException': 145> (0x00000000ec992890) thrown at [C:\re\workspace\8-2-build-windows-amd64-cygwin\jdk8u51\3951\hotspot\src\share\vm\interpreter\interpreterRuntime.cpp, line 366]
Event: 2.842 Thread 0x0000000056470800 Exception <a 'java/lang/ArrayIndexOutOfBoundsException': 40> (0x00000000ec993ac8) thrown at [C:\re\workspace\8-2-build-windows-amd64-cygwin\jdk8u51\3951\hotspot\src\share\vm\interpreter\interpreterRuntime.cpp, line 366]
Event: 5.987 Thread 0x000000005670b000 Implicit null exception at 0x0000000002ee8889 to 0x0000000002eeb26d
Event: 5.992 Thread 0x000000005670b000 Implicit null exception at 0x0000000002ea50a6 to 0x0000000002ea6915
Event: 8.040 Thread 0x00000000566e6000 Implicit null exception at 0x0000000002e74164 to 0x0000000002e742e9
Event: 15.966 Thread 0x0000000056470800 Implicit null exception at 0x0000000002df2d1f to 0x0000000002df41a9
Event: 34.066 Thread 0x0000000056470800 Implicit null exception at 0x0000000003334f47 to 0x0000000003335078

Events (10 events):
Event: 46.750 Thread 0x000000005670b000 Uncommon trap: trap_request=0xffffffde fr.pc=0x0000000002de95f4
Event: 46.750 Thread 0x000000005670b000 DEOPT PACKING pc=0x0000000002de95f4 sp=0x000000005709e6b0
Event: 46.750 Thread 0x000000005670b000 DEOPT UNPACKING pc=0x000000000280556a sp=0x000000005709e5e0 mode 2
Event: 46.750 Thread 0x000000005670b000 Uncommon trap: trap_request=0xffffffde fr.pc=0x0000000002d439e4
Event: 46.750 Thread 0x000000005670b000 DEOPT PACKING pc=0x0000000002d439e4 sp=0x000000005709e660
Event: 46.750 Thread 0x000000005670b000 DEOPT UNPACKING pc=0x000000000280556a sp=0x000000005709e5e8 mode 2
Event: 46.752 loading class com/android/dx/rop/cst/Zeroes
Event: 46.752 loading class com/android/dx/rop/cst/Zeroes done
Event: 46.833 Thread 0x000000005670b000 DEOPT PACKING pc=0x00000000030c2ff4 sp=0x000000005709e950
Event: 46.833 Thread 0x000000005670b000 DEOPT UNPACKING pc=0x00000000028071bf sp=0x000000005709e670 mode 0


Dynamic libraries:
0x000000013f070000 - 0x000000013f0a7000 	C:\Program Files\Java\jdk1.8.0_51\bin\java.exe
0x0000000077930000 - 0x0000000077ad9000 	C:\Windows\SYSTEM32\ntdll.dll
0x0000000077810000 - 0x000000007792f000 	C:\Windows\system32\kernel32.dll
0x000007fefda90000 - 0x000007fefdafb000 	C:\Windows\system32\KERNELBASE.dll
0x000007feff5a0000 - 0x000007feff67b000 	C:\Windows\system32\ADVAPI32.dll
0x000007feff730000 - 0x000007feff7cf000 	C:\Windows\system32\msvcrt.dll
0x000007fefdb40000 - 0x000007fefdb5f000 	C:\Windows\SYSTEM32\sechost.dll
0x000007feff3a0000 - 0x000007feff4cd000 	C:\Windows\system32\RPCRT4.dll
0x0000000077710000 - 0x000000007780a000 	C:\Windows\system32\USER32.dll
0x000007feff9b0000 - 0x000007feffa17000 	C:\Windows\system32\GDI32.dll
0x000007feffad0000 - 0x000007feffade000 	C:\Windows\system32\LPK.dll
0x000007feff4d0000 - 0x000007feff599000 	C:\Windows\system32\USP10.dll
0x000007fefbe20000 - 0x000007fefc014000 	C:\Windows\WinSxS\amd64_microsoft.windows.common-controls_6595b64144ccf1df_6.0.7601.17514_none_fa396087175ac9ac\COMCTL32.dll
0x000007feff320000 - 0x000007feff391000 	C:\Windows\system32\SHLWAPI.dll
0x000007feffa40000 - 0x000007feffa6e000 	C:\Windows\system32\IMM32.DLL
0x000007feff130000 - 0x000007feff239000 	C:\Windows\system32\MSCTF.dll
0x0000000065d20000 - 0x0000000065df2000 	C:\Program Files\Java\jdk1.8.0_51\jre\bin\msvcr100.dll
0x0000000064ce0000 - 0x0000000065563000 	C:\Program Files\Java\jdk1.8.0_51\jre\bin\server\jvm.dll
0x000007fefae30000 - 0x000007fefae39000 	C:\Windows\system32\WSOCK32.dll
0x000007fefe120000 - 0x000007fefe16d000 	C:\Windows\system32\WS2_32.dll
0x000007feff680000 - 0x000007feff688000 	C:\Windows\system32\NSI.dll
0x000007fef9210000 - 0x000007fef924b000 	C:\Windows\system32\WINMM.dll
0x000007fefc870000 - 0x000007fefc87c000 	C:\Windows\system32\VERSION.dll
0x0000000077af0000 - 0x0000000077af7000 	C:\Windows\system32\PSAPI.DLL
0x000000006abd0000 - 0x000000006abdf000 	C:\Program Files\Java\jdk1.8.0_51\jre\bin\verify.dll
0x0000000068810000 - 0x0000000068839000 	C:\Program Files\Java\jdk1.8.0_51\jre\bin\java.dll
0x0000000069400000 - 0x0000000069416000 	C:\Program Files\Java\jdk1.8.0_51\jre\bin\zip.dll
0x000007fefe170000 - 0x000007fefeef8000 	C:\Windows\system32\SHELL32.dll
0x000007fefdf10000 - 0x000007fefe113000 	C:\Windows\system32\ole32.dll
0x000007fefd710000 - 0x000007fefd71f000 	C:\Windows\system32\profapi.dll
0x000007fef31c0000 - 0x000007fef32e5000 	C:\Windows\system32\dbghelp.dll

VM Arguments:
jvm_args: -Djava.awt.headless=true -Xmx1024M -Dfile.encoding=windows-1252 -Duser.country=US -Duser.language=en -Duser.variant 
java_command: com.android.dx.command.Main --dex --num-threads=4 --multi-dex --main-dex-list C:\Users\viku\StudioProjects\swifto1\app\build\intermediates\multi-dex\debug\maindexlist.txt --output C:\Users\viku\StudioProjects\swifto1\app\build\intermediates\transforms\dex\debug\folders\1000\1f\main C:\Users\viku\StudioProjects\swifto1\app\build\intermediates\transforms\jarMerging\debug\jars\1\1f\combined.jar
java_class_path (initial): E:\sdk\build-tools\23.0.2\lib\dx.jar
Launcher Type: SUN_STANDARD

Environment Variables:
PATH=C:\ProgramData\Oracle\Java\javapath;C:\Windows\system32;C:\Windows;C:\Windows\System32\Wbem;C:\Windows\System32\WindowsPowerShell\v1.0\;C:\Program Files\Java\jdk1.8.0_51\bin;
USERNAME=viku
OS=Windows_NT
PROCESSOR_IDENTIFIER=Intel64 Family 6 Model 23 Stepping 10, GenuineIntel



---------------  S Y S T E M  ---------------

OS: Windows 7 , 64 bit Build 7601 (6.1.7601.18015)

CPU:total 2 (2 cores per cpu, 1 threads per core) family 6 model 23 stepping 10, cmov, cx8, fxsr, mmx, sse, sse2, sse3, ssse3, tsc

Memory: 4k page, physical 4057320k(287016k free), swap 8112784k(2642348k free)

vm_info: Java HotSpot(TM) 64-Bit Server VM (25.51-b03) for windows-amd64 JRE (1.8.0_51-b16), built on Jun  8 2015 18:03:07 by "java_re" with MS VC++ 10.0 (VS2010)

time: Sat Apr 09 16:13:02 2016
elapsed time: 47 seconds (0d 0h 0m 47s)

