#
# A fatal error has been detected by the Java Runtime Environment:
#
#  Internal Error (machnode.cpp:421), pid=3872, tid=3628
#  Error: ShouldNotCall()
#
# JRE version: Java(TM) SE Runtime Environment (8.0_51-b16) (build 1.8.0_51-b16)
# Java VM: Java HotSpot(TM) 64-Bit Server VM (25.51-b03 mixed mode windows-amd64 compressed oops)
# Failed to write core dump. Minidumps are not enabled by default on client versions of Windows
#
# If you would like to submit a bug report, please visit:
#   http://bugreport.java.com/bugreport/crash.jsp
#

---------------  T H R E A D  ---------------

Current thread (0x0000000054e72800):  JavaThread "C2 CompilerThread0" daemon [_thread_in_native, id=3628, stack(0x0000000055cc0000,0x0000000055dc0000)]

Stack: [0x0000000055cc0000,0x0000000055dc0000]
Native frames: (J=compiled Java code, j=interpreted, Vv=VM code, C=native code)
V  [jvm.dll+0x32b4ca]
V  [jvm.dll+0x2797e3]
V  [jvm.dll+0x27a479]
V  [jvm.dll+0x271822]
V  [jvm.dll+0x4ccf15]
V  [jvm.dll+0x4803e4]
V  [jvm.dll+0x482029]
V  [jvm.dll+0x482efa]
V  [jvm.dll+0x46a6ec]
V  [jvm.dll+0x46cde2]
V  [jvm.dll+0x4501a2]
V  [jvm.dll+0xa43a2]
V  [jvm.dll+0xa4cdf]
V  [jvm.dll+0x2418a4]
V  [jvm.dll+0x29846a]
C  [msvcr100.dll+0x21d9f]
C  [msvcr100.dll+0x21e3b]
C  [kernel32.dll+0x1652d]
C  [ntdll.dll+0x2c521]


Current CompileTask:
C2:  54349 3155   !   4       com.android.dx.cf.code.BytecodeArray::parseInstruction (2764 bytes)


---------------  P R O C E S S  ---------------

Java Threads: ( => current thread )
  0x000000005677a000 JavaThread "pool-2-thread-4" [_thread_in_Java, id=1856, stack(0x00000000575e0000,0x00000000576e0000)]
  0x0000000056692800 JavaThread "pool-2-thread-3" [_thread_blocked, id=2992, stack(0x0000000057480000,0x0000000057580000)]
  0x00000000566de800 JavaThread "pool-2-thread-2" [_thread_blocked, id=3592, stack(0x0000000057330000,0x0000000057430000)]
  0x00000000566db800 JavaThread "pool-3-thread-1" [_thread_blocked, id=1372, stack(0x0000000055650000,0x0000000055750000)]
  0x00000000566da800 JavaThread "pool-2-thread-1" [_thread_blocked, id=4972, stack(0x00000000571d0000,0x00000000572d0000)]
  0x0000000054e7a800 JavaThread "Service Thread" daemon [_thread_blocked, id=3720, stack(0x0000000056230000,0x0000000056330000)]
  0x0000000054e76800 JavaThread "C1 CompilerThread1" daemon [_thread_blocked, id=5108, stack(0x0000000056040000,0x0000000056140000)]
=>0x0000000054e72800 JavaThread "C2 CompilerThread0" daemon [_thread_in_native, id=3628, stack(0x0000000055cc0000,0x0000000055dc0000)]
  0x0000000054e71800 JavaThread "Attach Listener" daemon [_thread_blocked, id=4736, stack(0x0000000055e10000,0x0000000055f10000)]
  0x0000000054e81000 JavaThread "Signal Dispatcher" daemon [_thread_blocked, id=3588, stack(0x0000000055bb0000,0x0000000055cb0000)]
  0x0000000054e1b800 JavaThread "Finalizer" daemon [_thread_blocked, id=4568, stack(0x0000000055a10000,0x0000000055b10000)]
  0x0000000054e12800 JavaThread "Reference Handler" daemon [_thread_blocked, id=4828, stack(0x00000000558c0000,0x00000000559c0000)]
  0x000000000222e000 JavaThread "main" [_thread_blocked, id=4488, stack(0x0000000002400000,0x0000000002500000)]

Other Threads:
  0x0000000054e0d000 VMThread [stack: 0x0000000055780000,0x0000000055880000] [id=2784]
  0x0000000054e7c800 WatcherThread [stack: 0x0000000056360000,0x0000000056460000] [id=4472]

VM state:not at safepoint (normal execution)

VM Mutex/Monitor currently owned by a thread: None

Heap:
 PSYoungGen      total 232960K, used 157221K [0x00000000eab00000, 0x0000000100000000, 0x0000000100000000)
  eden space 116736K, 55% used [0x00000000eab00000,0x00000000ee9d6210,0x00000000f1d00000)
  from space 116224K, 79% used [0x00000000f1d00000,0x00000000f77b3280,0x00000000f8e80000)
  to   space 116224K, 0% used [0x00000000f8e80000,0x00000000f8e80000,0x0000000100000000)
 ParOldGen       total 519168K, used 407173K [0x00000000c0000000, 0x00000000dfb00000, 0x00000000eab00000)
  object space 519168K, 78% used [0x00000000c0000000,0x00000000d8da1650,0x00000000dfb00000)
 Metaspace       used 6579K, capacity 7320K, committed 7680K, reserved 1056768K
  class space    used 620K, capacity 656K, committed 768K, reserved 1048576K

Card table byte_map: [0x0000000011b90000,0x0000000011da0000] byte_map_base: 0x0000000011590000

Marking Bits: (ParMarkBitMap*) 0x000000006be94040
 Begin Bits: [0x00000000122e0000, 0x00000000132e0000)
 End Bits:   [0x00000000132e0000, 0x00000000142e0000)

Polling page: 0x0000000000230000

CodeCache: size=245760Kb used=12615Kb max_used=12615Kb free=233144Kb
 bounds [0x00000000027d0000, 0x0000000003430000, 0x00000000117d0000]
 total_blobs=2836 nmethods=2568 adapters=182
 compilation: enabled

Compilation events (10 events):
Event: 53.749 Thread 0x0000000054e76800 3160       3       com.android.dx.command.dexer.Main$MainDexListFilter::accept (26 bytes)
Event: 53.750 Thread 0x0000000054e76800 nmethod 3160 0x0000000003402a10 code [0x0000000003402bc0, 0x00000000034030e8]
Event: 53.776 Thread 0x0000000054e76800 3161  s    3       com.android.dx.dex.file.FieldIdsSection::intern (55 bytes)
Event: 53.777 Thread 0x0000000054e76800 nmethod 3161 0x000000000340a210 code [0x000000000340a440, 0x000000000340b128]
Event: 53.782 Thread 0x0000000054e76800 3162       3       com.android.dx.rop.code.Rops::pickBinaryOp (158 bytes)
Event: 53.784 Thread 0x0000000054e76800 nmethod 3162 0x000000000340b850 code [0x000000000340baa0, 0x000000000340c918]
Event: 53.784 Thread 0x0000000054e76800 3163       3       com.android.dx.rop.code.Rops::opAdd (29 bytes)
Event: 53.784 Thread 0x0000000054e76800 nmethod 3163 0x0000000003402650 code [0x00000000034027c0, 0x0000000003402988]
Event: 53.872 Thread 0x0000000054e72800 nmethod 3153 0x0000000003413a10 code [0x0000000003413ec0, 0x00000000034178c0]
Event: 53.873 Thread 0x0000000054e72800 3155   !   4       com.android.dx.cf.code.BytecodeArray::parseInstruction (2764 bytes)

GC Heap History (10 events):
Event: 46.023 GC heap before
{Heap before GC invocations=28 (full 5):
 PSYoungGen      total 231936K, used 139706K [0x00000000eab00000, 0x00000000fff00000, 0x0000000100000000)
  eden space 116736K, 100% used [0x00000000eab00000,0x00000000f1d00000,0x00000000f1d00000)
  from space 115200K, 19% used [0x00000000f8e80000,0x00000000fa4ee830,0x00000000fff00000)
  to   space 115712K, 0% used [0x00000000f1d00000,0x00000000f1d00000,0x00000000f8e00000)
 ParOldGen       total 519168K, used 384880K [0x00000000c0000000, 0x00000000dfb00000, 0x00000000eab00000)
  object space 519168K, 74% used [0x00000000c0000000,0x00000000d77dc360,0x00000000dfb00000)
 Metaspace       used 6569K, capacity 7320K, committed 7680K, reserved 1056768K
  class space    used 620K, capacity 656K, committed 768K, reserved 1048576K
Event: 46.138 GC heap after
Heap after GC invocations=28 (full 5):
 PSYoungGen      total 158720K, used 41970K [0x00000000eab00000, 0x00000000ff580000, 0x0000000100000000)
  eden space 116736K, 0% used [0x00000000eab00000,0x00000000eab00000,0x00000000f1d00000)
  from space 41984K, 99% used [0x00000000f1d00000,0x00000000f45fc9d8,0x00000000f4600000)
  to   space 110080K, 0% used [0x00000000f8a00000,0x00000000f8a00000,0x00000000ff580000)
 ParOldGen       total 519168K, used 384888K [0x00000000c0000000, 0x00000000dfb00000, 0x00000000eab00000)
  object space 519168K, 74% used [0x00000000c0000000,0x00000000d77de360,0x00000000dfb00000)
 Metaspace       used 6569K, capacity 7320K, committed 7680K, reserved 1056768K
  class space    used 620K, capacity 656K, committed 768K, reserved 1048576K
}
Event: 46.867 GC heap before
{Heap before GC invocations=29 (full 5):
 PSYoungGen      total 158720K, used 158706K [0x00000000eab00000, 0x00000000ff580000, 0x0000000100000000)
  eden space 116736K, 100% used [0x00000000eab00000,0x00000000f1d00000,0x00000000f1d00000)
  from space 41984K, 99% used [0x00000000f1d00000,0x00000000f45fc9d8,0x00000000f4600000)
  to   space 110080K, 0% used [0x00000000f8a00000,0x00000000f8a00000,0x00000000ff580000)
 ParOldGen       total 519168K, used 384888K [0x00000000c0000000, 0x00000000dfb00000, 0x00000000eab00000)
  object space 519168K, 74% used [0x00000000c0000000,0x00000000d77de360,0x00000000dfb00000)
 Metaspace       used 6571K, capacity 7320K, committed 7680K, reserved 1056768K
  class space    used 620K, capacity 656K, committed 768K, reserved 1048576K
Event: 47.021 GC heap after
Heap after GC invocations=29 (full 5):
 PSYoungGen      total 229888K, used 59613K [0x00000000eab00000, 0x0000000100000000, 0x0000000100000000)
  eden space 119808K, 0% used [0x00000000eab00000,0x00000000eab00000,0x00000000f2000000)
  from space 110080K, 54% used [0x00000000f8a00000,0x00000000fc437458,0x00000000ff580000)
  to   space 108544K, 0% used [0x00000000f2000000,0x00000000f2000000,0x00000000f8a00000)
 ParOldGen       total 519168K, used 384888K [0x00000000c0000000, 0x00000000dfb00000, 0x00000000eab00000)
  object space 519168K, 74% used [0x00000000c0000000,0x00000000d77de360,0x00000000dfb00000)
 Metaspace       used 6571K, capacity 7320K, committed 7680K, reserved 1056768K
  class space    used 620K, capacity 656K, committed 768K, reserved 1048576K
}
Event: 48.929 GC heap before
{Heap before GC invocations=30 (full 5):
 PSYoungGen      total 229888K, used 179421K [0x00000000eab00000, 0x0000000100000000, 0x0000000100000000)
  eden space 119808K, 100% used [0x00000000eab00000,0x00000000f2000000,0x00000000f2000000)
  from space 110080K, 54% used [0x00000000f8a00000,0x00000000fc437458,0x00000000ff580000)
  to   space 108544K, 0% used [0x00000000f2000000,0x00000000f2000000,0x00000000f8a00000)
 ParOldGen       total 519168K, used 384888K [0x00000000c0000000, 0x00000000dfb00000, 0x00000000eab00000)
  object space 519168K, 74% used [0x00000000c0000000,0x00000000d77de360,0x00000000dfb00000)
 Metaspace       used 6573K, capacity 7320K, committed 7680K, reserved 1056768K
  class space    used 620K, capacity 656K, committed 768K, reserved 1048576K
Event: 49.246 GC heap after
Heap after GC invocations=30 (full 5):
 PSYoungGen      total 228352K, used 77410K [0x00000000eab00000, 0x0000000100000000, 0x0000000100000000)
  eden space 119808K, 0% used [0x00000000eab00000,0x00000000eab00000,0x00000000f2000000)
  from space 108544K, 71% used [0x00000000f2000000,0x00000000f6b989e0,0x00000000f8a00000)
  to   space 113152K, 0% used [0x00000000f9180000,0x00000000f9180000,0x0000000100000000)
 ParOldGen       total 519168K, used 384888K [0x00000000c0000000, 0x00000000dfb00000, 0x00000000eab00000)
  object space 519168K, 74% used [0x00000000c0000000,0x00000000d77de360,0x00000000dfb00000)
 Metaspace       used 6573K, capacity 7320K, committed 7680K, reserved 1056768K
  class space    used 620K, capacity 656K, committed 768K, reserved 1048576K
}
Event: 50.410 GC heap before
{Heap before GC invocations=31 (full 5):
 PSYoungGen      total 228352K, used 197218K [0x00000000eab00000, 0x0000000100000000, 0x0000000100000000)
  eden space 119808K, 100% used [0x00000000eab00000,0x00000000f2000000,0x00000000f2000000)
  from space 108544K, 71% used [0x00000000f2000000,0x00000000f6b989e0,0x00000000f8a00000)
  to   space 113152K, 0% used [0x00000000f9180000,0x00000000f9180000,0x0000000100000000)
 ParOldGen       total 519168K, used 384888K [0x00000000c0000000, 0x00000000dfb00000, 0x00000000eab00000)
  object space 519168K, 74% used [0x00000000c0000000,0x00000000d77de360,0x00000000dfb00000)
 Metaspace       used 6579K, capacity 7320K, committed 7680K, reserved 1056768K
  class space    used 620K, capacity 656K, committed 768K, reserved 1048576K
Event: 50.677 GC heap after
Heap after GC invocations=31 (full 5):
 PSYoungGen      total 229888K, used 95878K [0x00000000eab00000, 0x0000000100000000, 0x0000000100000000)
  eden space 116736K, 0% used [0x00000000eab00000,0x00000000eab00000,0x00000000f1d00000)
  from space 113152K, 84% used [0x00000000f9180000,0x00000000fef21878,0x0000000100000000)
  to   space 116224K, 0% used [0x00000000f1d00000,0x00000000f1d00000,0x00000000f8e80000)
 ParOldGen       total 519168K, used 384896K [0x00000000c0000000, 0x00000000dfb00000, 0x00000000eab00000)
  object space 519168K, 74% used [0x00000000c0000000,0x00000000d77e0360,0x00000000dfb00000)
 Metaspace       used 6579K, capacity 7320K, committed 7680K, reserved 1056768K
  class space    used 620K, capacity 656K, committed 768K, reserved 1048576K
}
Event: 52.957 GC heap before
{Heap before GC invocations=32 (full 5):
 PSYoungGen      total 229888K, used 212614K [0x00000000eab00000, 0x0000000100000000, 0x0000000100000000)
  eden space 116736K, 100% used [0x00000000eab00000,0x00000000f1d00000,0x00000000f1d00000)
  from space 113152K, 84% used [0x00000000f9180000,0x00000000fef21878,0x0000000100000000)
  to   space 116224K, 0% used [0x00000000f1d00000,0x00000000f1d00000,0x00000000f8e80000)
 ParOldGen       total 519168K, used 384896K [0x00000000c0000000, 0x00000000dfb00000, 0x00000000eab00000)
  object space 519168K, 74% used [0x00000000c0000000,0x00000000d77e0360,0x00000000dfb00000)
 Metaspace       used 6579K, capacity 7320K, committed 7680K, reserved 1056768K
  class space    used 620K, capacity 656K, committed 768K, reserved 1048576K
Event: 53.349 GC heap after
Heap after GC invocations=32 (full 5):
 PSYoungGen      total 232960K, used 92876K [0x00000000eab00000, 0x0000000100000000, 0x0000000100000000)
  eden space 116736K, 0% used [0x00000000eab00000,0x00000000eab00000,0x00000000f1d00000)
  from space 116224K, 79% used [0x00000000f1d00000,0x00000000f77b3280,0x00000000f8e80000)
  to   space 116224K, 0% used [0x00000000f8e80000,0x00000000f8e80000,0x0000000100000000)
 ParOldGen       total 519168K, used 407173K [0x00000000c0000000, 0x00000000dfb00000, 0x00000000eab00000)
  object space 519168K, 78% used [0x00000000c0000000,0x00000000d8da1650,0x00000000dfb00000)
 Metaspace       used 6579K, capacity 7320K, committed 7680K, reserved 1056768K
  class space    used 620K, capacity 656K, committed 768K, reserved 1048576K
}

Deoptimization events (10 events):
Event: 47.227 Thread 0x00000000566da800 Uncommon trap: reason=unstable_if action=reinterpret pc=0x0000000002e8dafc method=com.android.dx.util.BitIntSet.has(I)Z @ 8
Event: 50.099 Thread 0x000000005677a000 Uncommon trap: reason=unstable_if action=reinterpret pc=0x0000000002960658 method=com.android.dx.ssa.LiteralOpUpgrader$1.visitNonMoveInsn(Lcom/android/dx/ssa/NormalSsaInsn;)V @ 176
Event: 50.202 Thread 0x000000005677a000 Uncommon trap: reason=unstable_if action=reinterpret pc=0x0000000003352290 method=com.android.dx.ssa.back.FirstFitLocalCombiningAllocator.findNextUnreservedRopReg(IILcom/android/dx/ssa/back/FirstFitLocalCombiningAllocator$Alignment;)I @ 32
Event: 50.202 Thread 0x000000005677a000 Uncommon trap: reason=unstable_if action=reinterpret pc=0x0000000002f7210c method=com.android.dx.ssa.back.FirstFitLocalCombiningAllocator.findNextUnreservedRopReg(IILcom/android/dx/ssa/back/FirstFitLocalCombiningAllocator$Alignment;)I @ 32
Event: 50.202 Thread 0x000000005677a000 Uncommon trap: reason=unstable_if action=reinterpret pc=0x0000000002afb968 method=com.android.dx.ssa.back.FirstFitLocalCombiningAllocator.findNextUnreservedRopReg(IILcom/android/dx/ssa/back/FirstFitLocalCombiningAllocator$Alignment;)I @ 32
Event: 50.798 Thread 0x00000000566da800 Uncommon trap: reason=unstable_if action=reinterpret pc=0x000000000335eed4 method=com.android.dx.dex.code.OutputFinisher.hasLocalInfo(Lcom/android/dx/dex/code/DalvInsn;)Z @ 24
Event: 51.374 Thread 0x00000000566da800 Uncommon trap: reason=unstable_if action=reinterpret pc=0x0000000003311b34 method=com.android.dx.ssa.PhiTypeResolver.resolveResultType(Lcom/android/dx/ssa/PhiInsn;)Z @ 293
Event: 53.615 Thread 0x00000000566de800 Uncommon trap: reason=bimorphic action=maybe_recompile pc=0x0000000002dc36b4 method=com.android.dx.cf.code.BytecodeArray.parseInstruction(ILcom/android/dx/cf/code/BytecodeArray$Visitor;)I @ 1003
Event: 53.615 Thread 0x00000000566de800 Uncommon trap: reason=bimorphic action=maybe_recompile pc=0x0000000002dc372c method=com.android.dx.cf.code.BytecodeArray.parseInstruction(ILcom/android/dx/cf/code/BytecodeArray$Visitor;)I @ 1019
Event: 53.615 Thread 0x00000000566de800 Uncommon trap: reason=bimorphic action=maybe_recompile pc=0x0000000002dc36b4 method=com.android.dx.cf.code.BytecodeArray.parseInstruction(ILcom/android/dx/cf/code/BytecodeArray$Visitor;)I @ 1003

Internal exceptions (10 events):
Event: 1.208 Thread 0x00000000566da800 Implicit null exception at 0x0000000002ad10cc to 0x0000000002ad3425
Event: 1.501 Thread 0x000000005677a000 Implicit null exception at 0x0000000002accad2 to 0x0000000002accb71
Event: 3.407 Thread 0x00000000566da800 Exception <a 'java/lang/ArrayIndexOutOfBoundsException': 18> (0x00000000ecabb1d0) thrown at [C:\re\workspace\8-2-build-windows-amd64-cygwin\jdk8u51\3951\hotspot\src\share\vm\interpreter\interpreterRuntime.cpp, line 366]
Event: 3.408 Thread 0x00000000566da800 Exception <a 'java/lang/ArrayIndexOutOfBoundsException'> (0x00000000ecabcca0) thrown at [C:\re\workspace\8-2-build-windows-amd64-cygwin\jdk8u51\3951\hotspot\src\share\vm\runtime\sharedRuntime.cpp, line 605]
Event: 3.408 Thread 0x00000000566da800 Exception <a 'java/lang/ArrayIndexOutOfBoundsException'> (0x00000000ecabded8) thrown at [C:\re\workspace\8-2-build-windows-amd64-cygwin\jdk8u51\3951\hotspot\src\share\vm\runtime\sharedRuntime.cpp, line 605]
Event: 8.309 Thread 0x00000000566da800 Implicit null exception at 0x0000000002e983bd to 0x0000000002e99845
Event: 8.309 Thread 0x00000000566da800 Implicit null exception at 0x0000000002e6aa67 to 0x0000000002e6c1b5
Event: 10.556 Thread 0x0000000056692800 Implicit null exception at 0x00000000030f9273 to 0x00000000030fb2fd
Event: 18.186 Thread 0x000000000222e000 Implicit null exception at 0x0000000002a5501d to 0x0000000002a55595
Event: 51.374 Thread 0x00000000566da800 Implicit null exception at 0x00000000033119f6 to 0x0000000003311b27

Events (10 events):
Event: 53.349 Executing VM operation: ParallelGCFailedAllocation done
Event: 53.615 Thread 0x00000000566de800 Uncommon trap: trap_request=0xffffffc6 fr.pc=0x0000000002dc36b4
Event: 53.615 Thread 0x00000000566de800 DEOPT PACKING pc=0x0000000002dc36b4 sp=0x000000005742e6e0
Event: 53.615 Thread 0x00000000566de800 DEOPT UNPACKING pc=0x000000000281556a sp=0x000000005742e670 mode 2
Event: 53.615 Thread 0x00000000566de800 Uncommon trap: trap_request=0xffffffc6 fr.pc=0x0000000002dc372c
Event: 53.615 Thread 0x00000000566de800 DEOPT PACKING pc=0x0000000002dc372c sp=0x000000005742e6e0
Event: 53.615 Thread 0x00000000566de800 DEOPT UNPACKING pc=0x000000000281556a sp=0x000000005742e670 mode 2
Event: 53.615 Thread 0x00000000566de800 Uncommon trap: trap_request=0xffffffc6 fr.pc=0x0000000002dc36b4
Event: 53.615 Thread 0x00000000566de800 DEOPT PACKING pc=0x0000000002dc36b4 sp=0x000000005742e580
Event: 53.615 Thread 0x00000000566de800 DEOPT UNPACKING pc=0x000000000281556a sp=0x000000005742e510 mode 2


Dynamic libraries:
0x000000013fe30000 - 0x000000013fe67000 	C:\Program Files\Java\jdk1.8.0_51\bin\java.exe
0x0000000077b70000 - 0x0000000077d19000 	C:\Windows\SYSTEM32\ntdll.dll
0x0000000077950000 - 0x0000000077a6f000 	C:\Windows\system32\kernel32.dll
0x000007fefdb50000 - 0x000007fefdbbb000 	C:\Windows\system32\KERNELBASE.dll
0x000007feff7b0000 - 0x000007feff88b000 	C:\Windows\system32\ADVAPI32.dll
0x000007fefec50000 - 0x000007fefecef000 	C:\Windows\system32\msvcrt.dll
0x000007feff260000 - 0x000007feff27f000 	C:\Windows\SYSTEM32\sechost.dll
0x000007fefed20000 - 0x000007fefee4d000 	C:\Windows\system32\RPCRT4.dll
0x0000000077a70000 - 0x0000000077b6a000 	C:\Windows\system32\USER32.dll
0x000007feff910000 - 0x000007feff977000 	C:\Windows\system32\GDI32.dll
0x000007feff4f0000 - 0x000007feff4fe000 	C:\Windows\system32\LPK.dll
0x000007fefef90000 - 0x000007feff059000 	C:\Windows\system32\USP10.dll
0x000007fefc420000 - 0x000007fefc614000 	C:\Windows\WinSxS\amd64_microsoft.windows.common-controls_6595b64144ccf1df_6.0.7601.17514_none_fa396087175ac9ac\COMCTL32.dll
0x000007feff890000 - 0x000007feff901000 	C:\Windows\system32\SHLWAPI.dll
0x000007fefecf0000 - 0x000007fefed1e000 	C:\Windows\system32\IMM32.DLL
0x000007feff280000 - 0x000007feff389000 	C:\Windows\system32\MSCTF.dll
0x000000006bfa0000 - 0x000000006c072000 	C:\Program Files\Java\jdk1.8.0_51\jre\bin\msvcr100.dll
0x000000006b690000 - 0x000000006bf13000 	C:\Program Files\Java\jdk1.8.0_51\jre\bin\server\jvm.dll
0x000007fefaed0000 - 0x000007fefaed9000 	C:\Windows\system32\WSOCK32.dll
0x000007feff980000 - 0x000007feff9cd000 	C:\Windows\system32\WS2_32.dll
0x000007feffbe0000 - 0x000007feffbe8000 	C:\Windows\system32\NSI.dll
0x000007fef7840000 - 0x000007fef787b000 	C:\Windows\system32\WINMM.dll
0x000007fefcab0000 - 0x000007fefcabc000 	C:\Windows\system32\VERSION.dll
0x0000000077d40000 - 0x0000000077d47000 	C:\Windows\system32\PSAPI.DLL
0x0000000074a80000 - 0x0000000074a8f000 	C:\Program Files\Java\jdk1.8.0_51\jre\bin\verify.dll
0x0000000074a50000 - 0x0000000074a79000 	C:\Program Files\Java\jdk1.8.0_51\jre\bin\java.dll
0x000000006efa0000 - 0x000000006efb6000 	C:\Program Files\Java\jdk1.8.0_51\jre\bin\zip.dll
0x000007fefdde0000 - 0x000007fefeb68000 	C:\Windows\system32\SHELL32.dll
0x000007feff9d0000 - 0x000007feffbd3000 	C:\Windows\system32\ole32.dll
0x000007fefd950000 - 0x000007fefd95f000 	C:\Windows\system32\profapi.dll
0x000007fef3110000 - 0x000007fef3235000 	C:\Windows\system32\dbghelp.dll

VM Arguments:
jvm_args: -Djava.awt.headless=true -Xmx1024M -Dfile.encoding=windows-1252 -Duser.country=US -Duser.language=en -Duser.variant 
java_command: com.android.dx.command.Main --dex --num-threads=4 --multi-dex --main-dex-list C:\Users\viku\StudioProjects\swifto1\app\build\intermediates\multi-dex\debug\maindexlist.txt --output C:\Users\viku\StudioProjects\swifto1\app\build\intermediates\transforms\dex\debug\folders\1000\1f\main C:\Users\viku\StudioProjects\swifto1\app\build\intermediates\transforms\jarMerging\debug\jars\1\1f\combined.jar
java_class_path (initial): E:\sdk\build-tools\23.0.2\lib\dx.jar
Launcher Type: SUN_STANDARD

Environment Variables:
PATH=C:\ProgramData\Oracle\Java\javapath;C:\Windows\system32;C:\Windows;C:\Windows\System32\Wbem;C:\Windows\System32\WindowsPowerShell\v1.0\;C:\Program Files\Java\jdk1.8.0_51\bin;
USERNAME=viku
OS=Windows_NT
PROCESSOR_IDENTIFIER=Intel64 Family 6 Model 23 Stepping 10, GenuineIntel



---------------  S Y S T E M  ---------------

OS: Windows 7 , 64 bit Build 7601 (6.1.7601.18015)

CPU:total 2 (2 cores per cpu, 1 threads per core) family 6 model 23 stepping 10, cmov, cx8, fxsr, mmx, sse, sse2, sse3, ssse3, tsc

Memory: 4k page, physical 4057320k(302980k free), swap 8112784k(2761048k free)

vm_info: Java HotSpot(TM) 64-Bit Server VM (25.51-b03) for windows-amd64 JRE (1.8.0_51-b16), built on Jun  8 2015 18:03:07 by "java_re" with MS VC++ 10.0 (VS2010)

time: Sat Jun 11 10:10:23 2016
elapsed time: 54 seconds (0d 0h 0m 54s)

