#
# A fatal error has been detected by the Java Runtime Environment:
#
#  EXCEPTION_ACCESS_VIOLATION (0xc0000005) at pc=0x000000006f75f49a, pid=232, tid=5900
#
# JRE version: Java(TM) SE Runtime Environment (8.0_51-b16) (build 1.8.0_51-b16)
# Java VM: Java HotSpot(TM) 64-Bit Server VM (25.51-b03 mixed mode windows-amd64 compressed oops)
# Problematic frame:
# V  [jvm.dll+0x3ef49a]
#
# Failed to write core dump. Minidumps are not enabled by default on client versions of Windows
#
# If you would like to submit a bug report, please visit:
#   http://bugreport.java.com/bugreport/crash.jsp
#

---------------  T H R E A D  ---------------

Current thread (0x0000000002114000):  GCTaskThread [stack: 0x0000000012100000,0x0000000012200000] [id=5900]

siginfo: ExceptionCode=0xc0000005, reading address 0x0000000000000121

Registers:
RAX=0x0000000000000019, RBX=0x000000000000088b, RCX=0x00000000c09e9808, RDX=0x0000000054e18e20
RSP=0x00000000121ff5b0, RBP=0x00000000121ff6c9, RSI=0x0000000054e18e20, RDI=0x0000000054e18e20
R8 =0x00000000c09e9228, R9 =0x00000000c09e9808, R10=0x000000000000000c, R11=0x000000000000088b
R12=0x000000006f9b5c28, R13=0x0000000002111840, R14=0x0000000002114850, R15=0x0000000000000000
RIP=0x000000006f75f49a, EFLAGS=0x0000000000010202

Top of Stack: (sp=0x00000000121ff5b0)
0x00000000121ff5b0:   0000000055064498 00000000121ff6c9
0x00000000121ff5c0:   0000000054e18e20 000000006f9b5c28
0x00000000121ff5d0:   0000000055062ed0 00000000121ff6c9
0x00000000121ff5e0:   0000000000000000 0000000000000004
0x00000000121ff5f0:   0000000054e18e20 000000006f481102
0x00000000121ff600:   00000000c00d4cc8 0000000000000000
0x00000000121ff610:   0000000000000000 0000000002111840
0x00000000121ff620:   0000000002114860 0000000002114850
0x00000000121ff630:   000000006f9b5c28 0000000054e18e20
0x00000000121ff640:   0000000000000000 00000000121ff6c9
0x00000000121ff650:   0000000054dc5440 000000006f75c4a0
0x00000000121ff660:   00000000c09e9228 0000000000000000
0x00000000121ff670:   0000000002115100 000000006f5837d4
0x00000000121ff680:   000000006f9b4b20 000000000227d200
0x00000000121ff690:   0000000054e18e20 000000006f9b4b48
0x00000000121ff6a0:   0000000002111800 00000000121ff680 

Instructions: (pc=0x000000006f75f49a)
0x000000006f75f47a:   00 74 28 8b 0d 25 13 3a 00 45 8b 48 08 48 8b d6
0x000000006f75f48a:   49 d3 e1 4c 03 0d 0c 13 3a 00 49 8b c9 49 8b 01
0x000000006f75f49a:   ff 90 08 01 00 00 e9 1b ff ff ff 4d 8b 48 08 48
0x000000006f75f4aa:   8b d6 49 8b 01 49 8b c9 ff 90 08 01 00 00 e9 03 


Register to memory mapping:

RAX=0x0000000000000019 is an unknown value
RBX=0x000000000000088b is an unknown value
RCX=0x00000000c09e9808 is an oop
com.android.dx.rop.type.StdTypeList 
 - klass: 'com/android/dx/rop/type/StdTypeList'
RDX=0x0000000054e18e20 is an unknown value
RSP=0x00000000121ff5b0 is an unknown value
RBP=0x00000000121ff6c9 is an unknown value
RSI=0x0000000054e18e20 is an unknown value
RDI=0x0000000054e18e20 is an unknown value
R8 =0x00000000c09e9228 is pointing into object: 0x00000000c09e9210
com.android.dx.rop.code.Rop 
 - klass: 'com/android/dx/rop/code/Rop'
R9 =0x00000000c09e9808 is an oop
com.android.dx.rop.type.StdTypeList 
 - klass: 'com/android/dx/rop/type/StdTypeList'
R10=0x000000000000000c is an unknown value
R11=0x000000000000088b is an unknown value
R12=0x000000006f9b5c28 is an unknown value
R13=0x0000000002111840 is an unknown value
R14=0x0000000002114850 is an unknown value
R15=0x0000000000000000 is an unknown value


Stack: [0x0000000012100000,0x0000000012200000],  sp=0x00000000121ff5b0,  free space=1021k
Native frames: (J=compiled Java code, j=interpreted, Vv=VM code, C=native code)
V  [jvm.dll+0x3ef49a]
V  [jvm.dll+0x3ec4a0]
V  [jvm.dll+0x3ea0ce]
V  [jvm.dll+0x29846a]
C  [msvcr100.dll+0x21d9f]
C  [msvcr100.dll+0x21e3b]
C  [kernel32.dll+0x1652d]
C  [ntdll.dll+0x2c521]


---------------  P R O C E S S  ---------------

Java Threads: ( => current thread )
  0x00000000565d1000 JavaThread "pool-2-thread-4" [_thread_blocked, id=5820, stack(0x00000000575b0000,0x00000000576b0000)]
  0x00000000565d0800 JavaThread "pool-2-thread-3" [_thread_blocked, id=428, stack(0x0000000057300000,0x0000000057400000)]
  0x00000000565cf800 JavaThread "pool-2-thread-2" [_thread_blocked, id=2660, stack(0x00000000574b0000,0x00000000575b0000)]
  0x00000000565cb000 JavaThread "pool-3-thread-1" [_thread_blocked, id=2292, stack(0x00000000571c0000,0x00000000572c0000)]
  0x00000000565db000 JavaThread "pool-2-thread-1" [_thread_blocked, id=5424, stack(0x0000000056010000,0x0000000056110000)]
  0x0000000056242800 JavaThread "Service Thread" daemon [_thread_blocked, id=5948, stack(0x00000000566c0000,0x00000000567c0000)]
  0x0000000054eea800 JavaThread "C1 CompilerThread1" daemon [_thread_blocked, id=5684, stack(0x0000000056120000,0x0000000056220000)]
  0x0000000054ee3000 JavaThread "C2 CompilerThread0" daemon [_thread_blocked, id=4884, stack(0x0000000055e50000,0x0000000055f50000)]
  0x0000000054ee2000 JavaThread "Attach Listener" daemon [_thread_blocked, id=5668, stack(0x0000000055b90000,0x0000000055c90000)]
  0x0000000054ef1800 JavaThread "Signal Dispatcher" daemon [_thread_blocked, id=4812, stack(0x0000000055d00000,0x0000000055e00000)]
  0x0000000054e8b800 JavaThread "Finalizer" daemon [_thread_blocked, id=5732, stack(0x0000000055900000,0x0000000055a00000)]
  0x0000000054e82800 JavaThread "Reference Handler" daemon [_thread_blocked, id=2760, stack(0x0000000055a70000,0x0000000055b70000)]
  0x000000000227e000 JavaThread "main" [_thread_blocked, id=6096, stack(0x00000000024e0000,0x00000000025e0000)]

Other Threads:
  0x0000000054e7d000 VMThread [stack: 0x0000000055790000,0x0000000055890000] [id=1580]
  0x0000000056243800 WatcherThread [stack: 0x0000000056840000,0x0000000056940000] [id=4496]

=>0x0000000002114000 (exited) GCTaskThread [stack: 0x0000000012100000,0x0000000012200000] [id=5900]

VM state:at safepoint (normal execution)

VM Mutex/Monitor currently owned by a thread:  ([mutex/lock_event])
[0x000000000227c000] Threads_lock - owner thread: 0x0000000054e7d000
[0x000000000227c500] Heap_lock - owner thread: 0x000000000227e000

Heap:
 PSYoungGen      total 279040K, used 27936K [0x00000000eab00000, 0x0000000100000000, 0x0000000100000000)
  eden space 208896K, 0% used [0x00000000eab00000,0x00000000eab00000,0x00000000f7700000)
  from space 70144K, 39% used [0x00000000f7700000,0x00000000f9248210,0x00000000fbb80000)
  to   space 66048K, 0% used [0x00000000fbf80000,0x00000000fbf80000,0x0000000100000000)
 ParOldGen       total 240640K, used 221328K [0x00000000c0000000, 0x00000000ceb00000, 0x00000000eab00000)
  object space 240640K, 91% used [0x00000000c0000000,0x00000000cd8241e0,0x00000000ceb00000)
 Metaspace       used 6571K, capacity 7320K, committed 7680K, reserved 1056768K
  class space    used 619K, capacity 656K, committed 768K, reserved 1048576K

Card table byte_map: [0x0000000011c70000,0x0000000011e80000] byte_map_base: 0x0000000011670000

Marking Bits: (ParMarkBitMap*) 0x000000006fb74040
 Begin Bits: [0x0000000012350000, 0x0000000013350000)
 End Bits:   [0x0000000013350000, 0x0000000014350000)

Polling page: 0x0000000000230000

CodeCache: size=245760Kb used=11409Kb max_used=11422Kb free=234350Kb
 bounds [0x00000000028b0000, 0x00000000033e0000, 0x00000000118b0000]
 total_blobs=2686 nmethods=2418 adapters=182
 compilation: enabled

Compilation events (10 events):
Event: 30.712 Thread 0x0000000054eea800 2702       2       com.android.dx.ssa.back.InterferenceGraph::mergeInterferenceSet (29 bytes)
Event: 30.712 Thread 0x0000000054eea800 nmethod 2702 0x00000000029e0a50 code [0x00000000029e0be0, 0x00000000029e0ec8]
Event: 30.738 Thread 0x0000000054eea800 2707       2       com.android.dx.ssa.SsaBasicBlock::addPhiInsnForReg (18 bytes)
Event: 30.739 Thread 0x0000000054eea800 nmethod 2707 0x0000000002a20e50 code [0x0000000002a20fe0, 0x0000000002a21388]
Event: 30.739 Thread 0x0000000054eea800 2708       2       com.android.dx.ssa.PhiInsn::<init> (29 bytes)
Event: 30.740 Thread 0x0000000054eea800 nmethod 2708 0x0000000002a20850 code [0x0000000002a209e0, 0x0000000002a20cd8]
Event: 30.744 Thread 0x0000000054eea800 2709       2       com.android.dx.ssa.SsaBasicBlock::addPhiInsnForReg (18 bytes)
Event: 30.745 Thread 0x0000000054eea800 nmethod 2709 0x0000000002a42e10 code [0x0000000002a42fa0, 0x0000000002a432f8]
Event: 30.745 Thread 0x0000000054eea800 2710       2       com.android.dx.ssa.PhiInsn::<init> (26 bytes)
Event: 30.745 Thread 0x0000000054eea800 nmethod 2710 0x0000000002a20250 code [0x0000000002a203c0, 0x0000000002a20688]

GC Heap History (10 events):
Event: 20.138 GC heap after
Heap after GC invocations=16 (full 2):
 PSYoungGen      total 283648K, used 44004K [0x00000000eab00000, 0x0000000100000000, 0x0000000100000000)
  eden space 239616K, 0% used [0x00000000eab00000,0x00000000eab00000,0x00000000f9500000)
  from space 44032K, 99% used [0x00000000fd500000,0x00000000ffff9390,0x0000000100000000)
  to   space 54784K, 0% used [0x00000000f9500000,0x00000000f9500000,0x00000000fca80000)
 ParOldGen       total 138240K, used 111555K [0x00000000c0000000, 0x00000000c8700000, 0x00000000eab00000)
  object space 138240K, 80% used [0x00000000c0000000,0x00000000c6cf0d08,0x00000000c8700000)
 Metaspace       used 6534K, capacity 7256K, committed 7424K, reserved 1056768K
  class space    used 616K, capacity 656K, committed 768K, reserved 1048576K
}
Event: 22.996 GC heap before
{Heap before GC invocations=17 (full 2):
 PSYoungGen      total 283648K, used 283620K [0x00000000eab00000, 0x0000000100000000, 0x0000000100000000)
  eden space 239616K, 100% used [0x00000000eab00000,0x00000000f9500000,0x00000000f9500000)
  from space 44032K, 99% used [0x00000000fd500000,0x00000000ffff9390,0x0000000100000000)
  to   space 54784K, 0% used [0x00000000f9500000,0x00000000f9500000,0x00000000fca80000)
 ParOldGen       total 138240K, used 111555K [0x00000000c0000000, 0x00000000c8700000, 0x00000000eab00000)
  object space 138240K, 80% used [0x00000000c0000000,0x00000000c6cf0d08,0x00000000c8700000)
 Metaspace       used 6538K, capacity 7320K, committed 7680K, reserved 1056768K
  class space    used 616K, capacity 656K, committed 768K, reserved 1048576K
Event: 23.528 GC heap after
Heap after GC invocations=17 (full 2):
 PSYoungGen      total 275968K, used 36141K [0x00000000eab00000, 0x0000000100000000, 0x0000000100000000)
  eden space 239616K, 0% used [0x00000000eab00000,0x00000000eab00000,0x00000000f9500000)
  from space 36352K, 99% used [0x00000000f9500000,0x00000000fb84b6a0,0x00000000fb880000)
  to   space 57344K, 0% used [0x00000000fc800000,0x00000000fc800000,0x0000000100000000)
 ParOldGen       total 156160K, used 155708K [0x00000000c0000000, 0x00000000c9880000, 0x00000000eab00000)
  object space 156160K, 99% used [0x00000000c0000000,0x00000000c980f110,0x00000000c9880000)
 Metaspace       used 6538K, capacity 7320K, committed 7680K, reserved 1056768K
  class space    used 616K, capacity 656K, committed 768K, reserved 1048576K
}
Event: 23.528 GC heap before
{Heap before GC invocations=18 (full 3):
 PSYoungGen      total 275968K, used 36141K [0x00000000eab00000, 0x0000000100000000, 0x0000000100000000)
  eden space 239616K, 0% used [0x00000000eab00000,0x00000000eab00000,0x00000000f9500000)
  from space 36352K, 99% used [0x00000000f9500000,0x00000000fb84b6a0,0x00000000fb880000)
  to   space 57344K, 0% used [0x00000000fc800000,0x00000000fc800000,0x0000000100000000)
 ParOldGen       total 156160K, used 155708K [0x00000000c0000000, 0x00000000c9880000, 0x00000000eab00000)
  object space 156160K, 99% used [0x00000000c0000000,0x00000000c980f110,0x00000000c9880000)
 Metaspace       used 6538K, capacity 7320K, committed 7680K, reserved 1056768K
  class space    used 616K, capacity 656K, committed 768K, reserved 1048576K
Event: 27.001 GC heap after
Heap after GC invocations=18 (full 3):
 PSYoungGen      total 275968K, used 32310K [0x00000000eab00000, 0x0000000100000000, 0x0000000100000000)
  eden space 239616K, 0% used [0x00000000eab00000,0x00000000eab00000,0x00000000f9500000)
  from space 36352K, 88% used [0x00000000f9500000,0x00000000fb48da10,0x00000000fb880000)
  to   space 57344K, 0% used [0x00000000fc800000,0x00000000fc800000,0x0000000100000000)
 ParOldGen       total 240640K, used 155666K [0x00000000c0000000, 0x00000000ceb00000, 0x00000000eab00000)
  object space 240640K, 64% used [0x00000000c0000000,0x00000000c9804990,0x00000000ceb00000)
 Metaspace       used 6538K, capacity 7320K, committed 7680K, reserved 1056768K
  class space    used 616K, capacity 656K, committed 768K, reserved 1048576K
}
Event: 29.158 GC heap before
{Heap before GC invocations=19 (full 3):
 PSYoungGen      total 275968K, used 271926K [0x00000000eab00000, 0x0000000100000000, 0x0000000100000000)
  eden space 239616K, 100% used [0x00000000eab00000,0x00000000f9500000,0x00000000f9500000)
  from space 36352K, 88% used [0x00000000f9500000,0x00000000fb48da10,0x00000000fb880000)
  to   space 57344K, 0% used [0x00000000fc800000,0x00000000fc800000,0x0000000100000000)
 ParOldGen       total 240640K, used 155666K [0x00000000c0000000, 0x00000000ceb00000, 0x00000000eab00000)
  object space 240640K, 64% used [0x00000000c0000000,0x00000000c9804990,0x00000000ceb00000)
 Metaspace       used 6551K, capacity 7320K, committed 7680K, reserved 1056768K
  class space    used 618K, capacity 656K, committed 768K, reserved 1048576K
Event: 29.621 GC heap after
Heap after GC invocations=19 (full 3):
 PSYoungGen      total 266240K, used 57336K [0x00000000eab00000, 0x0000000100000000, 0x0000000100000000)
  eden space 208896K, 0% used [0x00000000eab00000,0x00000000eab00000,0x00000000f7700000)
  from space 57344K, 99% used [0x00000000fc800000,0x00000000ffffe2a0,0x0000000100000000)
  to   space 70144K, 0% used [0x00000000f7700000,0x00000000f7700000,0x00000000fbb80000)
 ParOldGen       total 240640K, used 163685K [0x00000000c0000000, 0x00000000ceb00000, 0x00000000eab00000)
  object space 240640K, 68% used [0x00000000c0000000,0x00000000c9fd9688,0x00000000ceb00000)
 Metaspace       used 6551K, capacity 7320K, committed 7680K, reserved 1056768K
  class space    used 618K, capacity 656K, committed 768K, reserved 1048576K
}
Event: 30.769 GC heap before
{Heap before GC invocations=20 (full 3):
 PSYoungGen      total 266240K, used 266232K [0x00000000eab00000, 0x0000000100000000, 0x0000000100000000)
  eden space 208896K, 100% used [0x00000000eab00000,0x00000000f7700000,0x00000000f7700000)
  from space 57344K, 99% used [0x00000000fc800000,0x00000000ffffe2a0,0x0000000100000000)
  to   space 70144K, 0% used [0x00000000f7700000,0x00000000f7700000,0x00000000fbb80000)
 ParOldGen       total 240640K, used 163685K [0x00000000c0000000, 0x00000000ceb00000, 0x00000000eab00000)
  object space 240640K, 68% used [0x00000000c0000000,0x00000000c9fd9688,0x00000000ceb00000)
 Metaspace       used 6571K, capacity 7320K, committed 7680K, reserved 1056768K
  class space    used 619K, capacity 656K, committed 768K, reserved 1048576K
Event: 31.313 GC heap after
Heap after GC invocations=20 (full 3):
 PSYoungGen      total 279040K, used 27936K [0x00000000eab00000, 0x0000000100000000, 0x0000000100000000)
  eden space 208896K, 0% used [0x00000000eab00000,0x00000000eab00000,0x00000000f7700000)
  from space 70144K, 39% used [0x00000000f7700000,0x00000000f9248210,0x00000000fbb80000)
  to   space 66048K, 0% used [0x00000000fbf80000,0x00000000fbf80000,0x0000000100000000)
 ParOldGen       total 240640K, used 221328K [0x00000000c0000000, 0x00000000ceb00000, 0x00000000eab00000)
  object space 240640K, 91% used [0x00000000c0000000,0x00000000cd8241e0,0x00000000ceb00000)
 Metaspace       used 6571K, capacity 7320K, committed 7680K, reserved 1056768K
  class space    used 619K, capacity 656K, committed 768K, reserved 1048576K
}
Event: 31.313 GC heap before
{Heap before GC invocations=21 (full 4):
 PSYoungGen      total 279040K, used 27936K [0x00000000eab00000, 0x0000000100000000, 0x0000000100000000)
  eden space 208896K, 0% used [0x00000000eab00000,0x00000000eab00000,0x00000000f7700000)
  from space 70144K, 39% used [0x00000000f7700000,0x00000000f9248210,0x00000000fbb80000)
  to   space 66048K, 0% used [0x00000000fbf80000,0x00000000fbf80000,0x0000000100000000)
 ParOldGen       total 240640K, used 221328K [0x00000000c0000000, 0x00000000ceb00000, 0x00000000eab00000)
  object space 240640K, 91% used [0x00000000c0000000,0x00000000cd8241e0,0x00000000ceb00000)
 Metaspace       used 6571K, capacity 7320K, committed 7680K, reserved 1056768K
  class space    used 619K, capacity 656K, committed 768K, reserved 1048576K

Deoptimization events (10 events):
Event: 16.945 Thread 0x00000000565cf800 Uncommon trap: reason=unstable_if action=reinterpret pc=0x00000000029d5330 method=com.android.dx.ssa.MoveParamCombiner$1.visitNonMoveInsn(Lcom/android/dx/ssa/NormalSsaInsn;)V @ 27
Event: 19.728 Thread 0x000000000227e000 Uncommon trap: reason=unstable_if action=reinterpret pc=0x0000000002b36684 method=java.util.zip.ZipCoder.decoder()Ljava/nio/charset/CharsetDecoder; @ 4
Event: 19.729 Thread 0x000000000227e000 Uncommon trap: reason=unstable_if action=reinterpret pc=0x0000000002b35648 method=java.util.zip.ZipEntry.setExtra0([BZ)V @ 1
Event: 21.078 Thread 0x00000000565d1000 Uncommon trap: reason=unstable_if action=reinterpret pc=0x00000000029be04c method=com.android.dx.ssa.SsaMethod.updateOneDefinition(Lcom/android/dx/ssa/SsaInsn;Lcom/android/dx/rop/code/RegisterSpec;)V @ 4
Event: 22.511 Thread 0x000000000227e000 Uncommon trap: reason=unstable_if action=reinterpret pc=0x0000000002be6f98 method=com.android.dx.rop.code.RegisterSpecSet.<init>(I)V @ 2
Event: 28.266 Thread 0x00000000565db000 Uncommon trap: reason=unstable_if action=reinterpret pc=0x000000000320b210 method=com.android.dx.ssa.DeadCodeRemover.pruneDeadInstructions()V @ 49
Event: 28.267 Thread 0x00000000565db000 Uncommon trap: reason=unstable_if action=reinterpret pc=0x0000000002c70c58 method=com.android.dx.ssa.SsaMethod.onInsnRemoved(Lcom/android/dx/ssa/SsaInsn;)V @ 29
Event: 29.120 Thread 0x00000000565cf800 Uncommon trap: reason=unstable_if action=reinterpret pc=0x0000000002a5a09c method=java.util.regex.Pattern$BnM.optimize(Ljava/util/regex/Pattern$Node;)Ljava/util/regex/Pattern$Node; @ 22
Event: 29.121 Thread 0x00000000565cf800 Uncommon trap: reason=class_check action=maybe_recompile pc=0x0000000002a7c634 method=java.util.regex.Matcher.search(I)Z @ 86
Event: 30.232 Thread 0x00000000565db000 Uncommon trap: reason=class_check action=maybe_recompile pc=0x0000000002a7c634 method=java.util.regex.Matcher.search(I)Z @ 86

Internal exceptions (10 events):
Event: 0.038 Thread 0x000000000227e000 Exception <a 'java/lang/NoSuchMethodError': Method sun.misc.Unsafe.prefetchRead(Ljava/lang/Object;J)V name or signature does not match> (0x00000000eab0d0a8) thrown at [C:\re\workspace\8-2-build-windows-amd64-cygwin\jdk8u51\3951\hotspot\src\share\vm\prims\j…üoÅŸØ@
Event: 3.606 Thread 0x00000000565cf800 Implicit null exception at 0x0000000002bd0f6b to 0x0000000002bd34e1
Event: 4.889 Thread 0x00000000565cf800 Exception <a 'java/lang/ArrayIndexOutOfBoundsException': 18> (0x00000000eb0f2008) thrown at [C:\re\workspace\8-2-build-windows-amd64-cygwin\jdk8u51\3951\hotspot\src\share\vm\interpreter\interpreterRuntime.cpp, line 366]
Event: 4.889 Thread 0x00000000565cf800 Exception <a 'java/lang/ArrayIndexOutOfBoundsException'> (0x00000000eb0f3ad8) thrown at [C:\re\workspace\8-2-build-windows-amd64-cygwin\jdk8u51\3951\hotspot\src\share\vm\runtime\sharedRuntime.cpp, line 605]
Event: 4.890 Thread 0x00000000565cf800 Exception <a 'java/lang/ArrayIndexOutOfBoundsException'> (0x00000000eb0f4d10) thrown at [C:\re\workspace\8-2-build-windows-amd64-cygwin\jdk8u51\3951\hotspot\src\share\vm\runtime\sharedRuntime.cpp, line 605]
Event: 8.430 Thread 0x00000000565d1000 Implicit null exception at 0x0000000002ec47dd to 0x0000000002ec6031
Event: 10.742 Thread 0x00000000565db000 Implicit null exception at 0x0000000002c0a2e1 to 0x0000000002c0a3e1
Event: 10.742 Thread 0x00000000565db000 Implicit null exception at 0x0000000002c0de02 to 0x0000000002c0df29
Event: 19.728 Thread 0x000000000227e000 Implicit null exception at 0x0000000002b360dd to 0x0000000002b36655
Event: 28.267 Thread 0x00000000565db000 Implicit null exception at 0x0000000002c6fade to 0x0000000002c70c41

Events (10 events):
Event: 30.725 Thread 0x000000000227e000 DEOPT UNPACKING pc=0x00000000028f71bf sp=0x00000000025de1b8 mode 0
Event: 30.740 Thread 0x000000000227e000 DEOPT PACKING pc=0x00000000033b3ecd sp=0x00000000025de160
Event: 30.740 Thread 0x000000000227e000 DEOPT UNPACKING pc=0x00000000028f71bf sp=0x00000000025ddf40 mode 0
Event: 30.755 Thread 0x000000000227e000 DEOPT PACKING pc=0x00000000033b3ecd sp=0x00000000025de2d0
Event: 30.755 Thread 0x000000000227e000 DEOPT UNPACKING pc=0x00000000028f71bf sp=0x00000000025de0b0 mode 0
Event: 30.757 Thread 0x000000000227e000 DEOPT PACKING pc=0x00000000033a55ca sp=0x00000000025de3d0
Event: 30.757 Thread 0x000000000227e000 DEOPT UNPACKING pc=0x00000000028f71bf sp=0x00000000025de128 mode 0
Event: 30.763 Thread 0x000000000227e000 DEOPT PACKING pc=0x00000000033b3ecd sp=0x00000000025de280
Event: 30.763 Thread 0x000000000227e000 DEOPT UNPACKING pc=0x00000000028f71bf sp=0x00000000025de060 mode 0
Event: 30.769 Executing VM operation: ParallelGCFailedAllocation


Dynamic libraries:
0x000000013fd00000 - 0x000000013fd37000 	C:\Program Files\Java\jdk1.8.0_51\bin\java.exe
0x0000000076e20000 - 0x0000000076fc9000 	C:\Windows\SYSTEM32\ntdll.dll
0x0000000076d00000 - 0x0000000076e1f000 	C:\Windows\system32\kernel32.dll
0x000007fefcd60000 - 0x000007fefcdcb000 	C:\Windows\system32\KERNELBASE.dll
0x000007fefe720000 - 0x000007fefe7fb000 	C:\Windows\system32\ADVAPI32.dll
0x000007fefe140000 - 0x000007fefe1df000 	C:\Windows\system32\msvcrt.dll
0x000007fefef00000 - 0x000007fefef1f000 	C:\Windows\SYSTEM32\sechost.dll
0x000007fefe280000 - 0x000007fefe3ad000 	C:\Windows\system32\RPCRT4.dll
0x0000000076c00000 - 0x0000000076cfa000 	C:\Windows\system32\USER32.dll
0x000007fefe050000 - 0x000007fefe0b7000 	C:\Windows\system32\GDI32.dll
0x000007fefe260000 - 0x000007fefe26e000 	C:\Windows\system32\LPK.dll
0x000007fefee30000 - 0x000007fefeef9000 	C:\Windows\system32\USP10.dll
0x000007fefb6d0000 - 0x000007fefb8c4000 	C:\Windows\WinSxS\amd64_microsoft.windows.common-controls_6595b64144ccf1df_6.0.7601.17514_none_fa396087175ac9ac\COMCTL32.dll
0x000007fefe0c0000 - 0x000007fefe131000 	C:\Windows\system32\SHLWAPI.dll
0x000007fefe3b0000 - 0x000007fefe3de000 	C:\Windows\system32\IMM32.DLL
0x000007fefe3e0000 - 0x000007fefe4e9000 	C:\Windows\system32\MSCTF.dll
0x0000000070d60000 - 0x0000000070e32000 	C:\Program Files\Java\jdk1.8.0_51\jre\bin\msvcr100.dll
0x000000006f370000 - 0x000000006fbf3000 	C:\Program Files\Java\jdk1.8.0_51\jre\bin\server\jvm.dll
0x000007fefa030000 - 0x000007fefa039000 	C:\Windows\system32\WSOCK32.dll
0x000007fefefc0000 - 0x000007feff00d000 	C:\Windows\system32\WS2_32.dll
0x000007fefe270000 - 0x000007fefe278000 	C:\Windows\system32\NSI.dll
0x000007fef8c30000 - 0x000007fef8c6b000 	C:\Windows\system32\WINMM.dll
0x000007fefbd60000 - 0x000007fefbd6c000 	C:\Windows\system32\VERSION.dll
0x0000000076ff0000 - 0x0000000076ff7000 	C:\Windows\system32\PSAPI.DLL
0x00000000747d0000 - 0x00000000747df000 	C:\Program Files\Java\jdk1.8.0_51\jre\bin\verify.dll
0x0000000074290000 - 0x00000000742b9000 	C:\Program Files\Java\jdk1.8.0_51\jre\bin\java.dll
0x0000000074400000 - 0x0000000074416000 	C:\Program Files\Java\jdk1.8.0_51\jre\bin\zip.dll
0x000007fefd2c0000 - 0x000007fefe048000 	C:\Windows\system32\SHELL32.dll
0x000007fefe800000 - 0x000007fefea03000 	C:\Windows\system32\ole32.dll
0x000007fefcc00000 - 0x000007fefcc0f000 	C:\Windows\system32\profapi.dll
0x000007fef56d0000 - 0x000007fef57f5000 	C:\Windows\system32\dbghelp.dll

VM Arguments:
jvm_args: -Djava.awt.headless=true -Xmx1024M -Dfile.encoding=windows-1252 -Duser.country=US -Duser.language=en -Duser.variant 
java_command: com.android.dx.command.Main --dex --num-threads=4 --multi-dex --main-dex-list C:\Users\viku\StudioProjects\swifto1\app\build\intermediates\multi-dex\debug\maindexlist.txt --output C:\Users\viku\StudioProjects\swifto1\app\build\intermediates\transforms\dex\debug\folders\1000\1f\main C:\Users\viku\StudioProjects\swifto1\app\build\intermediates\transforms\jarMerging\debug\jars\1\1f\combined.jar
java_class_path (initial): E:\sdk\build-tools\23.0.2\lib\dx.jar
Launcher Type: SUN_STANDARD

Environment Variables:
PATH=C:\ProgramData\Oracle\Java\javapath;C:\Windows\system32;C:\Windows;C:\Windows\System32\Wbem;C:\Windows\System32\WindowsPowerShell\v1.0\;C:\Program Files\Java\jdk1.8.0_51\bin;
USERNAME=viku
OS=Windows_NT
PROCESSOR_IDENTIFIER=Intel64 Family 6 Model 23 Stepping 10, GenuineIntel



---------------  S Y S T E M  ---------------

OS: Windows 7 , 64 bit Build 7601 (6.1.7601.18015)

CPU:total 2 (2 cores per cpu, 1 threads per core) family 6 model 23 stepping 10, cmov, cx8, fxsr, mmx, sse, sse2, sse3, ssse3, tsc

Memory: 4k page, physical 4057320k(264892k free), swap 8112784k(2143472k free)

vm_info: Java HotSpot(TM) 64-Bit Server VM (25.51-b03) for windows-amd64 JRE (1.8.0_51-b16), built on Jun  8 2015 18:03:07 by "java_re" with MS VC++ 10.0 (VS2010)

time: Thu Nov 10 17:41:56 2016
elapsed time: 36 seconds (0d 0h 0m 36s)

